[debug] [2023-08-02T17:52:48.715Z] ----------------------------------------------------------------------
[debug] [2023-08-02T17:52:48.716Z] Command:       /usr/local/bin/node /usr/local/bin/firebase deploy
[debug] [2023-08-02T17:52:48.716Z] CLI Version:   12.4.6
[debug] [2023-08-02T17:52:48.717Z] Platform:      darwin
[debug] [2023-08-02T17:52:48.717Z] Node Version:  v18.16.0
[debug] [2023-08-02T17:52:48.717Z] Time:          Wed Aug 02 2023 13:52:48 GMT-0400 (Eastern Daylight Time)
[debug] [2023-08-02T17:52:48.717Z] ----------------------------------------------------------------------
[debug] 
[debug] [2023-08-02T17:52:48.752Z] > command requires scopes: ["email","openid","https://www.googleapis.com/auth/cloudplatformprojects.readonly","https://www.googleapis.com/auth/firebase","https://www.googleapis.com/auth/cloud-platform"]
[debug] [2023-08-02T17:52:48.753Z] > authorizing via signed-in user (samuel.holmes.104@gmail.com)
[debug] [2023-08-02T17:52:48.753Z] [iam] checking project bountiful-budgeting-sh for permissions ["firebase.projects.get","firebasehosting.sites.update"]
[debug] [2023-08-02T17:52:48.754Z] >>> [apiv2][query] POST https://cloudresourcemanager.googleapis.com/v1/projects/bountiful-budgeting-sh:testIamPermissions [none]
[debug] [2023-08-02T17:52:48.754Z] >>> [apiv2][(partial)header] POST https://cloudresourcemanager.googleapis.com/v1/projects/bountiful-budgeting-sh:testIamPermissions x-goog-quota-user=projects/bountiful-budgeting-sh
[debug] [2023-08-02T17:52:48.754Z] >>> [apiv2][body] POST https://cloudresourcemanager.googleapis.com/v1/projects/bountiful-budgeting-sh:testIamPermissions {"permissions":["firebase.projects.get","firebasehosting.sites.update"]}
[debug] [2023-08-02T17:52:48.952Z] <<< [apiv2][status] POST https://cloudresourcemanager.googleapis.com/v1/projects/bountiful-budgeting-sh:testIamPermissions 200
[debug] [2023-08-02T17:52:48.953Z] <<< [apiv2][body] POST https://cloudresourcemanager.googleapis.com/v1/projects/bountiful-budgeting-sh:testIamPermissions {"permissions":["firebase.projects.get","firebasehosting.sites.update"]}
[debug] [2023-08-02T17:52:48.954Z] >>> [apiv2][query] GET https://firebase.googleapis.com/v1beta1/projects/bountiful-budgeting-sh [none]
[debug] [2023-08-02T17:52:49.334Z] <<< [apiv2][status] GET https://firebase.googleapis.com/v1beta1/projects/bountiful-budgeting-sh 200
[debug] [2023-08-02T17:52:49.334Z] <<< [apiv2][body] GET https://firebase.googleapis.com/v1beta1/projects/bountiful-budgeting-sh {"projectId":"bountiful-budgeting-sh","projectNumber":"560253666860","displayName":"bountiful-budgeting-sh","name":"projects/bountiful-budgeting-sh","resources":{"hostingSite":"bountiful-budgeting-sh"},"state":"ACTIVE","etag":"1_c5d7208b-2a51-4d9d-ba58-fa22e3a4f774"}
[info] 
   Thank you for trying our early preview of Next.js support on Firebase Hosting.
   During the preview, support is best-effort and breaking changes can be expected. Proceed with caution.

   Documentation: https://firebase.google.com/docs/hosting/frameworks/nextjs
   File a bug: https://github.com/firebase/firebase-tools/issues/new?template=bug_report.md
   Submit a feature request: https://github.com/firebase/firebase-tools/issues/new?template=feature_request.md

   We'd love to learn from you. Express your interest in helping us shape the future of Firebase Hosting: https://goo.gle/41enW5X

[info] - info Creating an optimized production build...

[info] - info Compiled successfully

[info] - info Linting and checking validity of types...

[info] - info Collecting page data...

[info] - info Generating static pages (0/7)

[info] - info Generating static pages (1/7)

[info] - info Generating static pages (3/7)

[info] When server rendering, you must wrap your application in an <SSRProvider> to ensure consistent ids are generated between the client and server.

[info] When server rendering, you must wrap your application in an <SSRProvider> to ensure consistent ids are generated between the client and server.
If you do not provide a visible label, you must specify an aria-label or aria-labelledby attribute for accessibility
When server rendering, you must wrap your application in an <SSRProvider> to ensure consistent ids are generated between the client and server.

[info] When server rendering, you must wrap your application in an <SSRProvider> to ensure consistent ids are generated between the client and server.

[info] When server rendering, you must wrap your application in an <SSRProvider> to ensure consistent ids are generated between the client and server.
If you do not provide a visible label, you must specify an aria-label or aria-labelledby attribute for accessibility
When server rendering, you must wrap your application in an <SSRProvider> to ensure consistent ids are generated between the client and server.

[info] ReferenceError: location is not defined
    at /Users/samuelholmez/c11/final/bountiful-budgeting/.next/server/chunks/320.js:386:66
    at /Users/samuelholmez/c11/final/bountiful-budgeting/.next/server/chunks/320.js:477:21
    at exports.startTransition (/Users/samuelholmez/c11/final/bountiful-budgeting/node_modules/next/dist/compiled/react/cjs/react.production.min.js:27:267)
    at Object.push (/Users/samuelholmez/c11/final/bountiful-budgeting/.next/server/chunks/320.js:475:44)
    at Home (/Users/samuelholmez/c11/final/bountiful-budgeting/.next/server/app/page.js:259:12)
    at Ue (/Users/samuelholmez/c11/final/bountiful-budgeting/node_modules/next/dist/compiled/react-dom/cjs/react-dom-server.edge.production.min.js:113:273)
    at Z (/Users/samuelholmez/c11/final/bountiful-budgeting/node_modules/next/dist/compiled/react-dom/cjs/react-dom-server.edge.production.min.js:120:91)
    at Ue (/Users/samuelholmez/c11/final/bountiful-budgeting/node_modules/next/dist/compiled/react-dom/cjs/react-dom-server.edge.production.min.js:114:9)
    at Ue (/Users/samuelholmez/c11/final/bountiful-budgeting/node_modules/next/dist/compiled/react-dom/cjs/react-dom-server.edge.production.min.js:119:11)
    at Z (/Users/samuelholmez/c11/final/bountiful-budgeting/node_modules/next/dist/compiled/react-dom/cjs/react-dom-server.edge.production.min.js:120:91)

[info] 
Error occurred prerendering page "/". Read more: https://nextjs.org/docs/messages/prerender-error
ReferenceError: location is not defined
    at /Users/samuelholmez/c11/final/bountiful-budgeting/.next/server/chunks/320.js:386:66
    at /Users/samuelholmez/c11/final/bountiful-budgeting/.next/server/chunks/320.js:477:21
    at exports.startTransition (/Users/samuelholmez/c11/final/bountiful-budgeting/node_modules/next/dist/compiled/react/cjs/react.production.min.js:27:267)
    at Object.push (/Users/samuelholmez/c11/final/bountiful-budgeting/.next/server/chunks/320.js:475:44)
    at Home (/Users/samuelholmez/c11/final/bountiful-budgeting/.next/server/app/page.js:259:12)
    at Ue (/Users/samuelholmez/c11/final/bountiful-budgeting/node_modules/next/dist/compiled/react-dom/cjs/react-dom-server.edge.production.min.js:113:273)
    at Z (/Users/samuelholmez/c11/final/bountiful-budgeting/node_modules/next/dist/compiled/react-dom/cjs/react-dom-server.edge.production.min.js:120:91)
    at Ue (/Users/samuelholmez/c11/final/bountiful-budgeting/node_modules/next/dist/compiled/react-dom/cjs/react-dom-server.edge.production.min.js:114:9)
    at Ue (/Users/samuelholmez/c11/final/bountiful-budgeting/node_modules/next/dist/compiled/react-dom/cjs/react-dom-server.edge.production.min.js:119:11)
    at Z (/Users/samuelholmez/c11/final/bountiful-budgeting/node_modules/next/dist/compiled/react-dom/cjs/react-dom-server.edge.production.min.js:120:91)

[info] - info Generating static pages (5/7)

[info] When server rendering, you must wrap your application in an <SSRProvider> to ensure consistent ids are generated between the client and server.

[info] When server rendering, you must wrap your application in an <SSRProvider> to ensure consistent ids are generated between the client and server.
If you do not provide a visible label, you must specify an aria-label or aria-labelledby attribute for accessibility
When server rendering, you must wrap your application in an <SSRProvider> to ensure consistent ids are generated between the client and server.

[info] When server rendering, you must wrap your application in an <SSRProvider> to ensure consistent ids are generated between the client and server.
When server rendering, you must wrap your application in an <SSRProvider> to ensure consistent ids are generated between the client and server.
If you do not provide a visible label, you must specify an aria-label or aria-labelledby attribute for accessibility
When server rendering, you must wrap your application in an <SSRProvider> to ensure consistent ids are generated between the client and server.

[info] - info Generating static pages (7/7)

[info] 

[info] > Export encountered errors on following paths:
	/page: /

[debug] [2023-08-02T17:52:57.522Z] Error: ENOENT: no such file or directory, open '/Users/samuelholmez/c11/final/bountiful-budgeting/.next/export-marker.json'
[error] 
[error] Error: An unexpected error has occurred.
[debug] [2023-08-02T17:55:28.404Z] ----------------------------------------------------------------------
[debug] [2023-08-02T17:55:28.405Z] Command:       /usr/local/bin/node /usr/local/bin/firebase deploy
[debug] [2023-08-02T17:55:28.405Z] CLI Version:   12.4.6
[debug] [2023-08-02T17:55:28.405Z] Platform:      darwin
[debug] [2023-08-02T17:55:28.405Z] Node Version:  v18.16.0
[debug] [2023-08-02T17:55:28.405Z] Time:          Wed Aug 02 2023 13:55:28 GMT-0400 (Eastern Daylight Time)
[debug] [2023-08-02T17:55:28.406Z] ----------------------------------------------------------------------
[debug] 
[debug] [2023-08-02T17:55:28.444Z] > command requires scopes: ["email","openid","https://www.googleapis.com/auth/cloudplatformprojects.readonly","https://www.googleapis.com/auth/firebase","https://www.googleapis.com/auth/cloud-platform"]
[debug] [2023-08-02T17:55:28.444Z] > authorizing via signed-in user (samuel.holmes.104@gmail.com)
[debug] [2023-08-02T17:55:28.444Z] [iam] checking project bountiful-budgeting-sh for permissions ["firebase.projects.get","firebasehosting.sites.update"]
[debug] [2023-08-02T17:55:28.449Z] >>> [apiv2][query] POST https://cloudresourcemanager.googleapis.com/v1/projects/bountiful-budgeting-sh:testIamPermissions [none]
[debug] [2023-08-02T17:55:28.449Z] >>> [apiv2][(partial)header] POST https://cloudresourcemanager.googleapis.com/v1/projects/bountiful-budgeting-sh:testIamPermissions x-goog-quota-user=projects/bountiful-budgeting-sh
[debug] [2023-08-02T17:55:28.449Z] >>> [apiv2][body] POST https://cloudresourcemanager.googleapis.com/v1/projects/bountiful-budgeting-sh:testIamPermissions {"permissions":["firebase.projects.get","firebasehosting.sites.update"]}
[debug] [2023-08-02T17:55:28.676Z] <<< [apiv2][status] POST https://cloudresourcemanager.googleapis.com/v1/projects/bountiful-budgeting-sh:testIamPermissions 200
[debug] [2023-08-02T17:55:28.677Z] <<< [apiv2][body] POST https://cloudresourcemanager.googleapis.com/v1/projects/bountiful-budgeting-sh:testIamPermissions {"permissions":["firebase.projects.get","firebasehosting.sites.update"]}
[debug] [2023-08-02T17:55:28.678Z] >>> [apiv2][query] GET https://firebase.googleapis.com/v1beta1/projects/bountiful-budgeting-sh [none]
[debug] [2023-08-02T17:55:28.920Z] <<< [apiv2][status] GET https://firebase.googleapis.com/v1beta1/projects/bountiful-budgeting-sh 200
[debug] [2023-08-02T17:55:28.921Z] <<< [apiv2][body] GET https://firebase.googleapis.com/v1beta1/projects/bountiful-budgeting-sh {"projectId":"bountiful-budgeting-sh","projectNumber":"560253666860","displayName":"bountiful-budgeting-sh","name":"projects/bountiful-budgeting-sh","resources":{"hostingSite":"bountiful-budgeting-sh"},"state":"ACTIVE","etag":"1_c5d7208b-2a51-4d9d-ba58-fa22e3a4f774"}
[info] 
   Thank you for trying our early preview of Next.js support on Firebase Hosting.
   During the preview, support is best-effort and breaking changes can be expected. Proceed with caution.

   Documentation: https://firebase.google.com/docs/hosting/frameworks/nextjs
   File a bug: https://github.com/firebase/firebase-tools/issues/new?template=bug_report.md
   Submit a feature request: https://github.com/firebase/firebase-tools/issues/new?template=feature_request.md

   We'd love to learn from you. Express your interest in helping us shape the future of Firebase Hosting: https://goo.gle/41enW5X

[info] - info Creating an optimized production build...

[info] - info Compiled successfully

[info] - info Linting and checking validity of types...

[info] - info Collecting page data...

[info] - info Generating static pages (0/7)

[info] When server rendering, you must wrap your application in an <SSRProvider> to ensure consistent ids are generated between the client and server.

[info] When server rendering, you must wrap your application in an <SSRProvider> to ensure consistent ids are generated between the client and server.
If you do not provide a visible label, you must specify an aria-label or aria-labelledby attribute for accessibility
When server rendering, you must wrap your application in an <SSRProvider> to ensure consistent ids are generated between the client and server.

[info] When server rendering, you must wrap your application in an <SSRProvider> to ensure consistent ids are generated between the client and server.
When server rendering, you must wrap your application in an <SSRProvider> to ensure consistent ids are generated between the client and server.
If you do not provide a visible label, you must specify an aria-label or aria-labelledby attribute for accessibility
When server rendering, you must wrap your application in an <SSRProvider> to ensure consistent ids are generated between the client and server.

[info] When server rendering, you must wrap your application in an <SSRProvider> to ensure consistent ids are generated between the client and server.
When server rendering, you must wrap your application in an <SSRProvider> to ensure consistent ids are generated between the client and server.
If you do not provide a visible label, you must specify an aria-label or aria-labelledby attribute for accessibility
When server rendering, you must wrap your application in an <SSRProvider> to ensure consistent ids are generated between the client and server.

[info] When server rendering, you must wrap your application in an <SSRProvider> to ensure consistent ids are generated between the client and server.
When server rendering, you must wrap your application in an <SSRProvider> to ensure consistent ids are generated between the client and server.

[info] If you do not provide a visible label, you must specify an aria-label or aria-labelledby attribute for accessibility
When server rendering, you must wrap your application in an <SSRProvider> to ensure consistent ids are generated between the client and server.

[info] - info Generating static pages (1/7)

[info] - info Generating static pages (3/7)

[info] - info Generating static pages (5/7)

[info] ReferenceError: location is not defined
    at /Users/samuelholmez/c11/final/bountiful-budgeting/.next/server/chunks/320.js:386:66
    at /Users/samuelholmez/c11/final/bountiful-budgeting/.next/server/chunks/320.js:477:21
    at exports.startTransition (/Users/samuelholmez/c11/final/bountiful-budgeting/node_modules/next/dist/compiled/react/cjs/react.production.min.js:27:267)
    at Object.push (/Users/samuelholmez/c11/final/bountiful-budgeting/.next/server/chunks/320.js:475:44)
    at Home (/Users/samuelholmez/c11/final/bountiful-budgeting/.next/server/app/page.js:259:12)
    at Ue (/Users/samuelholmez/c11/final/bountiful-budgeting/node_modules/next/dist/compiled/react-dom/cjs/react-dom-server.edge.production.min.js:113:273)
    at Z (/Users/samuelholmez/c11/final/bountiful-budgeting/node_modules/next/dist/compiled/react-dom/cjs/react-dom-server.edge.production.min.js:120:91)
    at Ue (/Users/samuelholmez/c11/final/bountiful-budgeting/node_modules/next/dist/compiled/react-dom/cjs/react-dom-server.edge.production.min.js:114:9)
    at Ue (/Users/samuelholmez/c11/final/bountiful-budgeting/node_modules/next/dist/compiled/react-dom/cjs/react-dom-server.edge.production.min.js:119:11)
    at Z (/Users/samuelholmez/c11/final/bountiful-budgeting/node_modules/next/dist/compiled/react-dom/cjs/react-dom-server.edge.production.min.js:120:91)

[info] 
Error occurred prerendering page "/". Read more: https://nextjs.org/docs/messages/prerender-error
ReferenceError: location is not defined
    at /Users/samuelholmez/c11/final/bountiful-budgeting/.next/server/chunks/320.js:386:66
    at /Users/samuelholmez/c11/final/bountiful-budgeting/.next/server/chunks/320.js:477:21
    at exports.startTransition (/Users/samuelholmez/c11/final/bountiful-budgeting/node_modules/next/dist/compiled/react/cjs/react.production.min.js:27:267)
    at Object.push (/Users/samuelholmez/c11/final/bountiful-budgeting/.next/server/chunks/320.js:475:44)
    at Home (/Users/samuelholmez/c11/final/bountiful-budgeting/.next/server/app/page.js:259:12)
    at Ue (/Users/samuelholmez/c11/final/bountiful-budgeting/node_modules/next/dist/compiled/react-dom/cjs/react-dom-server.edge.production.min.js:113:273)
    at Z (/Users/samuelholmez/c11/final/bountiful-budgeting/node_modules/next/dist/compiled/react-dom/cjs/react-dom-server.edge.production.min.js:120:91)
    at Ue (/Users/samuelholmez/c11/final/bountiful-budgeting/node_modules/next/dist/compiled/react-dom/cjs/react-dom-server.edge.production.min.js:114:9)
    at Ue (/Users/samuelholmez/c11/final/bountiful-budgeting/node_modules/next/dist/compiled/react-dom/cjs/react-dom-server.edge.production.min.js:119:11)
    at Z (/Users/samuelholmez/c11/final/bountiful-budgeting/node_modules/next/dist/compiled/react-dom/cjs/react-dom-server.edge.production.min.js:120:91)

[info] - info Generating static pages (7/7)

[info] 

[info] > Export encountered errors on following paths:
	/page: /

[debug] [2023-08-02T17:55:38.143Z] Error: ENOENT: no such file or directory, open '/Users/samuelholmez/c11/final/bountiful-budgeting/.next/export-marker.json'
[error] 
[error] Error: An unexpected error has occurred.
[debug] [2023-08-02T17:56:35.437Z] ----------------------------------------------------------------------
[debug] [2023-08-02T17:56:35.438Z] Command:       /usr/local/bin/node /usr/local/bin/firebase deploy
[debug] [2023-08-02T17:56:35.438Z] CLI Version:   12.4.6
[debug] [2023-08-02T17:56:35.439Z] Platform:      darwin
[debug] [2023-08-02T17:56:35.439Z] Node Version:  v18.16.0
[debug] [2023-08-02T17:56:35.439Z] Time:          Wed Aug 02 2023 13:56:35 GMT-0400 (Eastern Daylight Time)
[debug] [2023-08-02T17:56:35.439Z] ----------------------------------------------------------------------
[debug] 
[debug] [2023-08-02T17:56:35.469Z] > command requires scopes: ["email","openid","https://www.googleapis.com/auth/cloudplatformprojects.readonly","https://www.googleapis.com/auth/firebase","https://www.googleapis.com/auth/cloud-platform"]
[debug] [2023-08-02T17:56:35.469Z] > authorizing via signed-in user (samuel.holmes.104@gmail.com)
[debug] [2023-08-02T17:56:35.469Z] [iam] checking project bountiful-budgeting-sh for permissions ["firebase.projects.get","firebasehosting.sites.update"]
[debug] [2023-08-02T17:56:35.470Z] >>> [apiv2][query] POST https://cloudresourcemanager.googleapis.com/v1/projects/bountiful-budgeting-sh:testIamPermissions [none]
[debug] [2023-08-02T17:56:35.470Z] >>> [apiv2][(partial)header] POST https://cloudresourcemanager.googleapis.com/v1/projects/bountiful-budgeting-sh:testIamPermissions x-goog-quota-user=projects/bountiful-budgeting-sh
[debug] [2023-08-02T17:56:35.471Z] >>> [apiv2][body] POST https://cloudresourcemanager.googleapis.com/v1/projects/bountiful-budgeting-sh:testIamPermissions {"permissions":["firebase.projects.get","firebasehosting.sites.update"]}
[debug] [2023-08-02T17:56:35.711Z] <<< [apiv2][status] POST https://cloudresourcemanager.googleapis.com/v1/projects/bountiful-budgeting-sh:testIamPermissions 200
[debug] [2023-08-02T17:56:35.711Z] <<< [apiv2][body] POST https://cloudresourcemanager.googleapis.com/v1/projects/bountiful-budgeting-sh:testIamPermissions {"permissions":["firebase.projects.get","firebasehosting.sites.update"]}
[debug] [2023-08-02T17:56:35.713Z] >>> [apiv2][query] GET https://firebase.googleapis.com/v1beta1/projects/bountiful-budgeting-sh [none]
[debug] [2023-08-02T17:56:35.995Z] <<< [apiv2][status] GET https://firebase.googleapis.com/v1beta1/projects/bountiful-budgeting-sh 200
[debug] [2023-08-02T17:56:35.996Z] <<< [apiv2][body] GET https://firebase.googleapis.com/v1beta1/projects/bountiful-budgeting-sh {"projectId":"bountiful-budgeting-sh","projectNumber":"560253666860","displayName":"bountiful-budgeting-sh","name":"projects/bountiful-budgeting-sh","resources":{"hostingSite":"bountiful-budgeting-sh"},"state":"ACTIVE","etag":"1_c5d7208b-2a51-4d9d-ba58-fa22e3a4f774"}
[info] 
   Thank you for trying our early preview of Next.js support on Firebase Hosting.
   During the preview, support is best-effort and breaking changes can be expected. Proceed with caution.

   Documentation: https://firebase.google.com/docs/hosting/frameworks/nextjs
   File a bug: https://github.com/firebase/firebase-tools/issues/new?template=bug_report.md
   Submit a feature request: https://github.com/firebase/firebase-tools/issues/new?template=feature_request.md

   We'd love to learn from you. Express your interest in helping us shape the future of Firebase Hosting: https://goo.gle/41enW5X

[info] - info Creating an optimized production build...

[info] - info Compiled successfully

[info] - info Linting and checking validity of types...

[info] - info Collecting page data...

[info] - info Generating static pages (0/7)

[info] - info Generating static pages (1/7)

[info] When server rendering, you must wrap your application in an <SSRProvider> to ensure consistent ids are generated between the client and server.
When server rendering, you must wrap your application in an <SSRProvider> to ensure consistent ids are generated between the client and server.
If you do not provide a visible label, you must specify an aria-label or aria-labelledby attribute for accessibility
When server rendering, you must wrap your application in an <SSRProvider> to ensure consistent ids are generated between the client and server.

[info] - info Generating static pages (3/7)

[info] When server rendering, you must wrap your application in an <SSRProvider> to ensure consistent ids are generated between the client and server.
When server rendering, you must wrap your application in an <SSRProvider> to ensure consistent ids are generated between the client and server.
If you do not provide a visible label, you must specify an aria-label or aria-labelledby attribute for accessibility
When server rendering, you must wrap your application in an <SSRProvider> to ensure consistent ids are generated between the client and server.

[info] When server rendering, you must wrap your application in an <SSRProvider> to ensure consistent ids are generated between the client and server.
When server rendering, you must wrap your application in an <SSRProvider> to ensure consistent ids are generated between the client and server.
If you do not provide a visible label, you must specify an aria-label or aria-labelledby attribute for accessibility
When server rendering, you must wrap your application in an <SSRProvider> to ensure consistent ids are generated between the client and server.

[info] When server rendering, you must wrap your application in an <SSRProvider> to ensure consistent ids are generated between the client and server.

[info] When server rendering, you must wrap your application in an <SSRProvider> to ensure consistent ids are generated between the client and server.
If you do not provide a visible label, you must specify an aria-label or aria-labelledby attribute for accessibility
When server rendering, you must wrap your application in an <SSRProvider> to ensure consistent ids are generated between the client and server.

[info] - info Generating static pages (5/7)

[info] ReferenceError: location is not defined
    at /Users/samuelholmez/c11/final/bountiful-budgeting/.next/server/chunks/320.js:386:66
    at /Users/samuelholmez/c11/final/bountiful-budgeting/.next/server/chunks/320.js:477:21
    at exports.startTransition (/Users/samuelholmez/c11/final/bountiful-budgeting/node_modules/next/dist/compiled/react/cjs/react.production.min.js:27:267)
    at Object.push (/Users/samuelholmez/c11/final/bountiful-budgeting/.next/server/chunks/320.js:475:44)
    at Home (/Users/samuelholmez/c11/final/bountiful-budgeting/.next/server/app/page.js:259:12)
    at Ue (/Users/samuelholmez/c11/final/bountiful-budgeting/node_modules/next/dist/compiled/react-dom/cjs/react-dom-server.edge.production.min.js:113:273)
    at Z (/Users/samuelholmez/c11/final/bountiful-budgeting/node_modules/next/dist/compiled/react-dom/cjs/react-dom-server.edge.production.min.js:120:91)
    at Ue (/Users/samuelholmez/c11/final/bountiful-budgeting/node_modules/next/dist/compiled/react-dom/cjs/react-dom-server.edge.production.min.js:114:9)
    at Ue (/Users/samuelholmez/c11/final/bountiful-budgeting/node_modules/next/dist/compiled/react-dom/cjs/react-dom-server.edge.production.min.js:119:11)
    at Z (/Users/samuelholmez/c11/final/bountiful-budgeting/node_modules/next/dist/compiled/react-dom/cjs/react-dom-server.edge.production.min.js:120:91)

[info] 
Error occurred prerendering page "/". Read more: https://nextjs.org/docs/messages/prerender-error
ReferenceError: location is not defined
    at /Users/samuelholmez/c11/final/bountiful-budgeting/.next/server/chunks/320.js:386:66
    at /Users/samuelholmez/c11/final/bountiful-budgeting/.next/server/chunks/320.js:477:21
    at exports.startTransition (/Users/samuelholmez/c11/final/bountiful-budgeting/node_modules/next/dist/compiled/react/cjs/react.production.min.js:27:267)
    at Object.push (/Users/samuelholmez/c11/final/bountiful-budgeting/.next/server/chunks/320.js:475:44)
    at Home (/Users/samuelholmez/c11/final/bountiful-budgeting/.next/server/app/page.js:259:12)
    at Ue (/Users/samuelholmez/c11/final/bountiful-budgeting/node_modules/next/dist/compiled/react-dom/cjs/react-dom-server.edge.production.min.js:113:273)
    at Z (/Users/samuelholmez/c11/final/bountiful-budgeting/node_modules/next/dist/compiled/react-dom/cjs/react-dom-server.edge.production.min.js:120:91)
    at Ue (/Users/samuelholmez/c11/final/bountiful-budgeting/node_modules/next/dist/compiled/react-dom/cjs/react-dom-server.edge.production.min.js:114:9)
    at Ue (/Users/samuelholmez/c11/final/bountiful-budgeting/node_modules/next/dist/compiled/react-dom/cjs/react-dom-server.edge.production.min.js:119:11)
    at Z (/Users/samuelholmez/c11/final/bountiful-budgeting/node_modules/next/dist/compiled/react-dom/cjs/react-dom-server.edge.production.min.js:120:91)

[info] - info Generating static pages (7/7)

[info] 

[info] > Export encountered errors on following paths:
	/page: /

[debug] [2023-08-02T17:56:44.590Z] Error: ENOENT: no such file or directory, open '/Users/samuelholmez/c11/final/bountiful-budgeting/.next/export-marker.json'
[error] 
[error] Error: An unexpected error has occurred.
[debug] [2023-08-02T17:57:19.368Z] ----------------------------------------------------------------------
[debug] [2023-08-02T17:57:19.369Z] Command:       /usr/local/bin/node /usr/local/bin/firebase deploy
[debug] [2023-08-02T17:57:19.369Z] CLI Version:   12.4.6
[debug] [2023-08-02T17:57:19.370Z] Platform:      darwin
[debug] [2023-08-02T17:57:19.370Z] Node Version:  v18.16.0
[debug] [2023-08-02T17:57:19.370Z] Time:          Wed Aug 02 2023 13:57:19 GMT-0400 (Eastern Daylight Time)
[debug] [2023-08-02T17:57:19.370Z] ----------------------------------------------------------------------
[debug] 
[debug] [2023-08-02T17:57:19.412Z] > command requires scopes: ["email","openid","https://www.googleapis.com/auth/cloudplatformprojects.readonly","https://www.googleapis.com/auth/firebase","https://www.googleapis.com/auth/cloud-platform"]
[debug] [2023-08-02T17:57:19.412Z] > authorizing via signed-in user (samuel.holmes.104@gmail.com)
[debug] [2023-08-02T17:57:19.412Z] [iam] checking project bountiful-budgeting-sh for permissions ["firebase.projects.get","firebasehosting.sites.update"]
[debug] [2023-08-02T17:57:19.413Z] >>> [apiv2][query] POST https://cloudresourcemanager.googleapis.com/v1/projects/bountiful-budgeting-sh:testIamPermissions [none]
[debug] [2023-08-02T17:57:19.413Z] >>> [apiv2][(partial)header] POST https://cloudresourcemanager.googleapis.com/v1/projects/bountiful-budgeting-sh:testIamPermissions x-goog-quota-user=projects/bountiful-budgeting-sh
[debug] [2023-08-02T17:57:19.413Z] >>> [apiv2][body] POST https://cloudresourcemanager.googleapis.com/v1/projects/bountiful-budgeting-sh:testIamPermissions {"permissions":["firebase.projects.get","firebasehosting.sites.update"]}
[debug] [2023-08-02T17:57:19.624Z] <<< [apiv2][status] POST https://cloudresourcemanager.googleapis.com/v1/projects/bountiful-budgeting-sh:testIamPermissions 200
[debug] [2023-08-02T17:57:19.625Z] <<< [apiv2][body] POST https://cloudresourcemanager.googleapis.com/v1/projects/bountiful-budgeting-sh:testIamPermissions {"permissions":["firebase.projects.get","firebasehosting.sites.update"]}
[debug] [2023-08-02T17:57:19.626Z] >>> [apiv2][query] GET https://firebase.googleapis.com/v1beta1/projects/bountiful-budgeting-sh [none]
[debug] [2023-08-02T17:57:19.912Z] <<< [apiv2][status] GET https://firebase.googleapis.com/v1beta1/projects/bountiful-budgeting-sh 200
[debug] [2023-08-02T17:57:19.913Z] <<< [apiv2][body] GET https://firebase.googleapis.com/v1beta1/projects/bountiful-budgeting-sh {"projectId":"bountiful-budgeting-sh","projectNumber":"560253666860","displayName":"bountiful-budgeting-sh","name":"projects/bountiful-budgeting-sh","resources":{"hostingSite":"bountiful-budgeting-sh"},"state":"ACTIVE","etag":"1_c5d7208b-2a51-4d9d-ba58-fa22e3a4f774"}
[info] 
   Thank you for trying our early preview of Next.js support on Firebase Hosting.
   During the preview, support is best-effort and breaking changes can be expected. Proceed with caution.

   Documentation: https://firebase.google.com/docs/hosting/frameworks/nextjs
   File a bug: https://github.com/firebase/firebase-tools/issues/new?template=bug_report.md
   Submit a feature request: https://github.com/firebase/firebase-tools/issues/new?template=feature_request.md

   We'd love to learn from you. Express your interest in helping us shape the future of Firebase Hosting: https://goo.gle/41enW5X

[info] - info Creating an optimized production build...

[info] - info Compiled successfully

[info] - info Linting and checking validity of types...

[info] - info Collecting page data...

[info] - info Generating static pages (0/7)

[info] - info Generating static pages (1/7)

[info] Error: Cannot access ._currentValue on the server. You cannot dot into a client module from a server component. You can only pass the imported name through.
    at Object.get (/Users/samuelholmez/c11/final/bountiful-budgeting/.next/server/chunks/485.js:4591:15)
    at Object.Oa (/Users/samuelholmez/c11/final/bountiful-budgeting/.next/server/chunks/485.js:5609:14)
    at exports.useContext (/Users/samuelholmez/c11/final/bountiful-budgeting/.next/server/chunks/485.js:6937:22)
    at useRouter (/Users/samuelholmez/c11/final/bountiful-budgeting/.next/server/chunks/928.js:195:42)
    at Home (/Users/samuelholmez/c11/final/bountiful-budgeting/.next/server/app/page.js:285:78)
    at S (/Users/samuelholmez/c11/final/bountiful-budgeting/.next/server/chunks/485.js:5867:13)
    at eb (/Users/samuelholmez/c11/final/bountiful-budgeting/.next/server/chunks/485.js:5982:21)
    at Array.toJSON (/Users/samuelholmez/c11/final/bountiful-budgeting/.next/server/chunks/485.js:5786:20)
    at stringify (<anonymous>)
    at pb (/Users/samuelholmez/c11/final/bountiful-budgeting/.next/server/chunks/485.js:6193:9)

[info] - info Generating static pages (3/7)

[info] 
Error occurred prerendering page "/". Read more: https://nextjs.org/docs/messages/prerender-error
Error: Cannot access ._currentValue on the server. You cannot dot into a client module from a server component. You can only pass the imported name through.
    at Object.get (/Users/samuelholmez/c11/final/bountiful-budgeting/.next/server/chunks/485.js:4591:15)
    at Object.Oa (/Users/samuelholmez/c11/final/bountiful-budgeting/.next/server/chunks/485.js:5609:14)
    at exports.useContext (/Users/samuelholmez/c11/final/bountiful-budgeting/.next/server/chunks/485.js:6937:22)
    at useRouter (/Users/samuelholmez/c11/final/bountiful-budgeting/.next/server/chunks/928.js:195:42)
    at Home (/Users/samuelholmez/c11/final/bountiful-budgeting/.next/server/app/page.js:285:78)
    at S (/Users/samuelholmez/c11/final/bountiful-budgeting/.next/server/chunks/485.js:5867:13)
    at eb (/Users/samuelholmez/c11/final/bountiful-budgeting/.next/server/chunks/485.js:5982:21)
    at Array.toJSON (/Users/samuelholmez/c11/final/bountiful-budgeting/.next/server/chunks/485.js:5786:20)
    at stringify (<anonymous>)
    at pb (/Users/samuelholmez/c11/final/bountiful-budgeting/.next/server/chunks/485.js:6193:9)

[info] When server rendering, you must wrap your application in an <SSRProvider> to ensure consistent ids are generated between the client and server.

[info] When server rendering, you must wrap your application in an <SSRProvider> to ensure consistent ids are generated between the client and server.
If you do not provide a visible label, you must specify an aria-label or aria-labelledby attribute for accessibility
When server rendering, you must wrap your application in an <SSRProvider> to ensure consistent ids are generated between the client and server.

[info] When server rendering, you must wrap your application in an <SSRProvider> to ensure consistent ids are generated between the client and server.
When server rendering, you must wrap your application in an <SSRProvider> to ensure consistent ids are generated between the client and server.

[info] If you do not provide a visible label, you must specify an aria-label or aria-labelledby attribute for accessibility
When server rendering, you must wrap your application in an <SSRProvider> to ensure consistent ids are generated between the client and server.

[info] - info Generating static pages (5/7)

[info] When server rendering, you must wrap your application in an <SSRProvider> to ensure consistent ids are generated between the client and server.

[info] When server rendering, you must wrap your application in an <SSRProvider> to ensure consistent ids are generated between the client and server.
If you do not provide a visible label, you must specify an aria-label or aria-labelledby attribute for accessibility
When server rendering, you must wrap your application in an <SSRProvider> to ensure consistent ids are generated between the client and server.

[info] When server rendering, you must wrap your application in an <SSRProvider> to ensure consistent ids are generated between the client and server.
When server rendering, you must wrap your application in an <SSRProvider> to ensure consistent ids are generated between the client and server.
If you do not provide a visible label, you must specify an aria-label or aria-labelledby attribute for accessibility

[info] When server rendering, you must wrap your application in an <SSRProvider> to ensure consistent ids are generated between the client and server.

[info] - info Generating static pages (7/7)

[info] 

[info] > Export encountered errors on following paths:
	/page: /

[debug] [2023-08-02T17:57:28.665Z] Error: ENOENT: no such file or directory, open '/Users/samuelholmez/c11/final/bountiful-budgeting/.next/export-marker.json'
[error] 
[error] Error: An unexpected error has occurred.
[debug] [2023-08-02T18:41:17.026Z] ----------------------------------------------------------------------
[debug] [2023-08-02T18:41:17.027Z] Command:       /usr/local/bin/node /usr/local/bin/firebase deploy
[debug] [2023-08-02T18:41:17.027Z] CLI Version:   12.4.6
[debug] [2023-08-02T18:41:17.027Z] Platform:      darwin
[debug] [2023-08-02T18:41:17.027Z] Node Version:  v18.16.0
[debug] [2023-08-02T18:41:17.028Z] Time:          Wed Aug 02 2023 14:41:17 GMT-0400 (Eastern Daylight Time)
[debug] [2023-08-02T18:41:17.028Z] ----------------------------------------------------------------------
[debug] 
[debug] [2023-08-02T18:41:17.058Z] > command requires scopes: ["email","openid","https://www.googleapis.com/auth/cloudplatformprojects.readonly","https://www.googleapis.com/auth/firebase","https://www.googleapis.com/auth/cloud-platform"]
[debug] [2023-08-02T18:41:17.058Z] > authorizing via signed-in user (samuel.holmes.104@gmail.com)
[debug] [2023-08-02T18:41:17.059Z] [iam] checking project bountiful-budgeting-sh for permissions ["firebase.projects.get","firebasehosting.sites.update"]
[debug] [2023-08-02T18:41:17.059Z] > refreshing access token with scopes: []
[debug] [2023-08-02T18:41:17.060Z] >>> [apiv2][query] POST https://www.googleapis.com/oauth2/v3/token [none]
[debug] [2023-08-02T18:41:17.060Z] >>> [apiv2][body] POST https://www.googleapis.com/oauth2/v3/token [omitted]
[debug] [2023-08-02T18:41:17.229Z] <<< [apiv2][status] POST https://www.googleapis.com/oauth2/v3/token 200
[debug] [2023-08-02T18:41:17.230Z] <<< [apiv2][body] POST https://www.googleapis.com/oauth2/v3/token [omitted]
[debug] [2023-08-02T18:41:17.248Z] >>> [apiv2][query] POST https://cloudresourcemanager.googleapis.com/v1/projects/bountiful-budgeting-sh:testIamPermissions [none]
[debug] [2023-08-02T18:41:17.248Z] >>> [apiv2][(partial)header] POST https://cloudresourcemanager.googleapis.com/v1/projects/bountiful-budgeting-sh:testIamPermissions x-goog-quota-user=projects/bountiful-budgeting-sh
[debug] [2023-08-02T18:41:17.249Z] >>> [apiv2][body] POST https://cloudresourcemanager.googleapis.com/v1/projects/bountiful-budgeting-sh:testIamPermissions {"permissions":["firebase.projects.get","firebasehosting.sites.update"]}
[debug] [2023-08-02T18:41:17.469Z] <<< [apiv2][status] POST https://cloudresourcemanager.googleapis.com/v1/projects/bountiful-budgeting-sh:testIamPermissions 200
[debug] [2023-08-02T18:41:17.469Z] <<< [apiv2][body] POST https://cloudresourcemanager.googleapis.com/v1/projects/bountiful-budgeting-sh:testIamPermissions {"permissions":["firebase.projects.get","firebasehosting.sites.update"]}
[debug] [2023-08-02T18:41:17.471Z] >>> [apiv2][query] GET https://firebase.googleapis.com/v1beta1/projects/bountiful-budgeting-sh [none]
[debug] [2023-08-02T18:41:17.782Z] <<< [apiv2][status] GET https://firebase.googleapis.com/v1beta1/projects/bountiful-budgeting-sh 200
[debug] [2023-08-02T18:41:17.782Z] <<< [apiv2][body] GET https://firebase.googleapis.com/v1beta1/projects/bountiful-budgeting-sh {"projectId":"bountiful-budgeting-sh","projectNumber":"560253666860","displayName":"bountiful-budgeting-sh","name":"projects/bountiful-budgeting-sh","resources":{"hostingSite":"bountiful-budgeting-sh"},"state":"ACTIVE","etag":"1_c5d7208b-2a51-4d9d-ba58-fa22e3a4f774"}
[info] 
   Thank you for trying our early preview of Next.js support on Firebase Hosting.
   During the preview, support is best-effort and breaking changes can be expected. Proceed with caution.

   Documentation: https://firebase.google.com/docs/hosting/frameworks/nextjs
   File a bug: https://github.com/firebase/firebase-tools/issues/new?template=bug_report.md
   Submit a feature request: https://github.com/firebase/firebase-tools/issues/new?template=feature_request.md

   We'd love to learn from you. Express your interest in helping us shape the future of Firebase Hosting: https://goo.gle/41enW5X

[info] - info Creating an optimized production build...

[info] - info Compiled successfully

[info] - info Linting and checking validity of types...

[info] - info Collecting page data...

[info] - info Generating static pages (0/7)

[info] When server rendering, you must wrap your application in an <SSRProvider> to ensure consistent ids are generated between the client and server.

[info] When server rendering, you must wrap your application in an <SSRProvider> to ensure consistent ids are generated between the client and server.
If you do not provide a visible label, you must specify an aria-label or aria-labelledby attribute for accessibility
When server rendering, you must wrap your application in an <SSRProvider> to ensure consistent ids are generated between the client and server.

[info] When server rendering, you must wrap your application in an <SSRProvider> to ensure consistent ids are generated between the client and server.
When server rendering, you must wrap your application in an <SSRProvider> to ensure consistent ids are generated between the client and server.
If you do not provide a visible label, you must specify an aria-label or aria-labelledby attribute for accessibility
When server rendering, you must wrap your application in an <SSRProvider> to ensure consistent ids are generated between the client and server.

[info] - info Generating static pages (1/7)

[info] - info Generating static pages (3/7)

[info] - info Generating static pages (5/7)

[info] ReferenceError: location is not defined
    at /Users/samuelholmez/c11/final/bountiful-budgeting/.next/server/chunks/320.js:386:66
    at /Users/samuelholmez/c11/final/bountiful-budgeting/.next/server/chunks/320.js:477:21
    at exports.startTransition (/Users/samuelholmez/c11/final/bountiful-budgeting/node_modules/next/dist/compiled/react/cjs/react.production.min.js:27:267)
    at Object.push (/Users/samuelholmez/c11/final/bountiful-budgeting/.next/server/chunks/320.js:475:44)
    at Home (/Users/samuelholmez/c11/final/bountiful-budgeting/.next/server/app/page.js:259:12)
    at Ue (/Users/samuelholmez/c11/final/bountiful-budgeting/node_modules/next/dist/compiled/react-dom/cjs/react-dom-server.edge.production.min.js:113:273)
    at Z (/Users/samuelholmez/c11/final/bountiful-budgeting/node_modules/next/dist/compiled/react-dom/cjs/react-dom-server.edge.production.min.js:120:91)
    at Ue (/Users/samuelholmez/c11/final/bountiful-budgeting/node_modules/next/dist/compiled/react-dom/cjs/react-dom-server.edge.production.min.js:114:9)
    at Ue (/Users/samuelholmez/c11/final/bountiful-budgeting/node_modules/next/dist/compiled/react-dom/cjs/react-dom-server.edge.production.min.js:119:11)
    at Z (/Users/samuelholmez/c11/final/bountiful-budgeting/node_modules/next/dist/compiled/react-dom/cjs/react-dom-server.edge.production.min.js:120:91)

[info] 
Error occurred prerendering page "/". Read more: https://nextjs.org/docs/messages/prerender-error
ReferenceError: location is not defined
    at /Users/samuelholmez/c11/final/bountiful-budgeting/.next/server/chunks/320.js:386:66
    at /Users/samuelholmez/c11/final/bountiful-budgeting/.next/server/chunks/320.js:477:21
    at exports.startTransition (/Users/samuelholmez/c11/final/bountiful-budgeting/node_modules/next/dist/compiled/react/cjs/react.production.min.js:27:267)
    at Object.push (/Users/samuelholmez/c11/final/bountiful-budgeting/.next/server/chunks/320.js:475:44)
    at Home (/Users/samuelholmez/c11/final/bountiful-budgeting/.next/server/app/page.js:259:12)
    at Ue (/Users/samuelholmez/c11/final/bountiful-budgeting/node_modules/next/dist/compiled/react-dom/cjs/react-dom-server.edge.production.min.js:113:273)
    at Z (/Users/samuelholmez/c11/final/bountiful-budgeting/node_modules/next/dist/compiled/react-dom/cjs/react-dom-server.edge.production.min.js:120:91)
    at Ue (/Users/samuelholmez/c11/final/bountiful-budgeting/node_modules/next/dist/compiled/react-dom/cjs/react-dom-server.edge.production.min.js:114:9)
    at Ue (/Users/samuelholmez/c11/final/bountiful-budgeting/node_modules/next/dist/compiled/react-dom/cjs/react-dom-server.edge.production.min.js:119:11)
    at Z (/Users/samuelholmez/c11/final/bountiful-budgeting/node_modules/next/dist/compiled/react-dom/cjs/react-dom-server.edge.production.min.js:120:91)

[info] When server rendering, you must wrap your application in an <SSRProvider> to ensure consistent ids are generated between the client and server.

[info] When server rendering, you must wrap your application in an <SSRProvider> to ensure consistent ids are generated between the client and server.
If you do not provide a visible label, you must specify an aria-label or aria-labelledby attribute for accessibility

[info] When server rendering, you must wrap your application in an <SSRProvider> to ensure consistent ids are generated between the client and server.

[info] When server rendering, you must wrap your application in an <SSRProvider> to ensure consistent ids are generated between the client and server.
When server rendering, you must wrap your application in an <SSRProvider> to ensure consistent ids are generated between the client and server.
If you do not provide a visible label, you must specify an aria-label or aria-labelledby attribute for accessibility
When server rendering, you must wrap your application in an <SSRProvider> to ensure consistent ids are generated between the client and server.

[info] - info Generating static pages (7/7)

[info] 
> Export encountered errors on following paths:
	/page: /

[debug] [2023-08-02T18:41:26.118Z] Error: ENOENT: no such file or directory, open '/Users/samuelholmez/c11/final/bountiful-budgeting/.next/export-marker.json'
[error] 
[error] Error: An unexpected error has occurred.
[debug] [2023-08-02T18:49:14.223Z] ----------------------------------------------------------------------
[debug] [2023-08-02T18:49:14.223Z] Command:       /usr/local/bin/node /usr/local/bin/firebase deploy
[debug] [2023-08-02T18:49:14.224Z] CLI Version:   12.4.6
[debug] [2023-08-02T18:49:14.224Z] Platform:      darwin
[debug] [2023-08-02T18:49:14.224Z] Node Version:  v18.16.0
[debug] [2023-08-02T18:49:14.224Z] Time:          Wed Aug 02 2023 14:49:14 GMT-0400 (Eastern Daylight Time)
[debug] [2023-08-02T18:49:14.224Z] ----------------------------------------------------------------------
[debug] 
[debug] [2023-08-02T18:49:14.255Z] > command requires scopes: ["email","openid","https://www.googleapis.com/auth/cloudplatformprojects.readonly","https://www.googleapis.com/auth/firebase","https://www.googleapis.com/auth/cloud-platform"]
[debug] [2023-08-02T18:49:14.255Z] > authorizing via signed-in user (samuel.holmes.104@gmail.com)
[debug] [2023-08-02T18:49:14.255Z] [iam] checking project bountiful-budgeting-sh for permissions ["firebase.projects.get","firebasehosting.sites.update"]
[debug] [2023-08-02T18:49:14.256Z] >>> [apiv2][query] POST https://cloudresourcemanager.googleapis.com/v1/projects/bountiful-budgeting-sh:testIamPermissions [none]
[debug] [2023-08-02T18:49:14.256Z] >>> [apiv2][(partial)header] POST https://cloudresourcemanager.googleapis.com/v1/projects/bountiful-budgeting-sh:testIamPermissions x-goog-quota-user=projects/bountiful-budgeting-sh
[debug] [2023-08-02T18:49:14.256Z] >>> [apiv2][body] POST https://cloudresourcemanager.googleapis.com/v1/projects/bountiful-budgeting-sh:testIamPermissions {"permissions":["firebase.projects.get","firebasehosting.sites.update"]}
[debug] [2023-08-02T18:49:14.512Z] <<< [apiv2][status] POST https://cloudresourcemanager.googleapis.com/v1/projects/bountiful-budgeting-sh:testIamPermissions 200
[debug] [2023-08-02T18:49:14.513Z] <<< [apiv2][body] POST https://cloudresourcemanager.googleapis.com/v1/projects/bountiful-budgeting-sh:testIamPermissions {"permissions":["firebase.projects.get","firebasehosting.sites.update"]}
[debug] [2023-08-02T18:49:14.515Z] >>> [apiv2][query] GET https://firebase.googleapis.com/v1beta1/projects/bountiful-budgeting-sh [none]
[debug] [2023-08-02T18:49:14.843Z] <<< [apiv2][status] GET https://firebase.googleapis.com/v1beta1/projects/bountiful-budgeting-sh 200
[debug] [2023-08-02T18:49:14.843Z] <<< [apiv2][body] GET https://firebase.googleapis.com/v1beta1/projects/bountiful-budgeting-sh {"projectId":"bountiful-budgeting-sh","projectNumber":"560253666860","displayName":"bountiful-budgeting-sh","name":"projects/bountiful-budgeting-sh","resources":{"hostingSite":"bountiful-budgeting-sh"},"state":"ACTIVE","etag":"1_c5d7208b-2a51-4d9d-ba58-fa22e3a4f774"}
[info] 
   Thank you for trying our early preview of Next.js support on Firebase Hosting.
   During the preview, support is best-effort and breaking changes can be expected. Proceed with caution.

   Documentation: https://firebase.google.com/docs/hosting/frameworks/nextjs
   File a bug: https://github.com/firebase/firebase-tools/issues/new?template=bug_report.md
   Submit a feature request: https://github.com/firebase/firebase-tools/issues/new?template=feature_request.md

   We'd love to learn from you. Express your interest in helping us shape the future of Firebase Hosting: https://goo.gle/41enW5X

[info] - info Creating an optimized production build...

[info] - info Compiled successfully

[info] - info Linting and checking validity of types...

[info] - info Collecting page data...

[info] - info Generating static pages (0/7)

[info] - info Generating static pages (1/7)

[info] - info Generating static pages (3/7)

[info] ReferenceError: location is not defined
    at /Users/samuelholmez/c11/final/bountiful-budgeting/.next/server/chunks/320.js:386:66
    at /Users/samuelholmez/c11/final/bountiful-budgeting/.next/server/chunks/320.js:477:21
    at exports.startTransition (/Users/samuelholmez/c11/final/bountiful-budgeting/node_modules/next/dist/compiled/react/cjs/react.production.min.js:27:267)
    at Object.push (/Users/samuelholmez/c11/final/bountiful-budgeting/.next/server/chunks/320.js:475:44)
    at Home (/Users/samuelholmez/c11/final/bountiful-budgeting/.next/server/app/page.js:259:12)
    at Ue (/Users/samuelholmez/c11/final/bountiful-budgeting/node_modules/next/dist/compiled/react-dom/cjs/react-dom-server.edge.production.min.js:113:273)
    at Z (/Users/samuelholmez/c11/final/bountiful-budgeting/node_modules/next/dist/compiled/react-dom/cjs/react-dom-server.edge.production.min.js:120:91)
    at Ue (/Users/samuelholmez/c11/final/bountiful-budgeting/node_modules/next/dist/compiled/react-dom/cjs/react-dom-server.edge.production.min.js:114:9)
    at Ue (/Users/samuelholmez/c11/final/bountiful-budgeting/node_modules/next/dist/compiled/react-dom/cjs/react-dom-server.edge.production.min.js:119:11)
    at Z (/Users/samuelholmez/c11/final/bountiful-budgeting/node_modules/next/dist/compiled/react-dom/cjs/react-dom-server.edge.production.min.js:120:91)

[info] When server rendering, you must wrap your application in an <SSRProvider> to ensure consistent ids are generated between the client and server.

[info] When server rendering, you must wrap your application in an <SSRProvider> to ensure consistent ids are generated between the client and server.
If you do not provide a visible label, you must specify an aria-label or aria-labelledby attribute for accessibility

[info] When server rendering, you must wrap your application in an <SSRProvider> to ensure consistent ids are generated between the client and server.

[info] When server rendering, you must wrap your application in an <SSRProvider> to ensure consistent ids are generated between the client and server.

[info] When server rendering, you must wrap your application in an <SSRProvider> to ensure consistent ids are generated between the client and server.
If you do not provide a visible label, you must specify an aria-label or aria-labelledby attribute for accessibility
When server rendering, you must wrap your application in an <SSRProvider> to ensure consistent ids are generated between the client and server.

[info] 
Error occurred prerendering page "/". Read more: https://nextjs.org/docs/messages/prerender-error
ReferenceError: location is not defined
    at /Users/samuelholmez/c11/final/bountiful-budgeting/.next/server/chunks/320.js:386:66
    at /Users/samuelholmez/c11/final/bountiful-budgeting/.next/server/chunks/320.js:477:21
    at exports.startTransition (/Users/samuelholmez/c11/final/bountiful-budgeting/node_modules/next/dist/compiled/react/cjs/react.production.min.js:27:267)
    at Object.push (/Users/samuelholmez/c11/final/bountiful-budgeting/.next/server/chunks/320.js:475:44)
    at Home (/Users/samuelholmez/c11/final/bountiful-budgeting/.next/server/app/page.js:259:12)
    at Ue (/Users/samuelholmez/c11/final/bountiful-budgeting/node_modules/next/dist/compiled/react-dom/cjs/react-dom-server.edge.production.min.js:113:273)
    at Z (/Users/samuelholmez/c11/final/bountiful-budgeting/node_modules/next/dist/compiled/react-dom/cjs/react-dom-server.edge.production.min.js:120:91)
    at Ue (/Users/samuelholmez/c11/final/bountiful-budgeting/node_modules/next/dist/compiled/react-dom/cjs/react-dom-server.edge.production.min.js:114:9)
    at Ue (/Users/samuelholmez/c11/final/bountiful-budgeting/node_modules/next/dist/compiled/react-dom/cjs/react-dom-server.edge.production.min.js:119:11)
    at Z (/Users/samuelholmez/c11/final/bountiful-budgeting/node_modules/next/dist/compiled/react-dom/cjs/react-dom-server.edge.production.min.js:120:91)

[info] When server rendering, you must wrap your application in an <SSRProvider> to ensure consistent ids are generated between the client and server.

[info] When server rendering, you must wrap your application in an <SSRProvider> to ensure consistent ids are generated between the client and server.
If you do not provide a visible label, you must specify an aria-label or aria-labelledby attribute for accessibility
When server rendering, you must wrap your application in an <SSRProvider> to ensure consistent ids are generated between the client and server.

[info] When server rendering, you must wrap your application in an <SSRProvider> to ensure consistent ids are generated between the client and server.

[info] When server rendering, you must wrap your application in an <SSRProvider> to ensure consistent ids are generated between the client and server.
If you do not provide a visible label, you must specify an aria-label or aria-labelledby attribute for accessibility
When server rendering, you must wrap your application in an <SSRProvider> to ensure consistent ids are generated between the client and server.

[info] - info Generating static pages (5/7)

[info] - info Generating static pages (7/7)

[info] 

[info] > Export encountered errors on following paths:
	/page: /

[debug] [2023-08-02T18:49:23.120Z] Error: ENOENT: no such file or directory, open '/Users/samuelholmez/c11/final/bountiful-budgeting/.next/export-marker.json'
[error] 
[error] Error: An unexpected error has occurred.
[debug] [2023-08-02T19:06:37.667Z] ----------------------------------------------------------------------
[debug] [2023-08-02T19:06:37.668Z] Command:       /usr/local/bin/node /usr/local/bin/firebase deploy
[debug] [2023-08-02T19:06:37.668Z] CLI Version:   12.4.6
[debug] [2023-08-02T19:06:37.668Z] Platform:      darwin
[debug] [2023-08-02T19:06:37.668Z] Node Version:  v18.16.0
[debug] [2023-08-02T19:06:37.668Z] Time:          Wed Aug 02 2023 15:06:37 GMT-0400 (Eastern Daylight Time)
[debug] [2023-08-02T19:06:37.668Z] ----------------------------------------------------------------------
[debug] 
[debug] [2023-08-02T19:06:37.703Z] > command requires scopes: ["email","openid","https://www.googleapis.com/auth/cloudplatformprojects.readonly","https://www.googleapis.com/auth/firebase","https://www.googleapis.com/auth/cloud-platform"]
[debug] [2023-08-02T19:06:37.704Z] > authorizing via signed-in user (samuel.holmes.104@gmail.com)
[debug] [2023-08-02T19:06:37.704Z] [iam] checking project bountiful-budgeting-sh for permissions ["firebase.projects.get","firebasehosting.sites.update"]
[debug] [2023-08-02T19:06:37.705Z] >>> [apiv2][query] POST https://cloudresourcemanager.googleapis.com/v1/projects/bountiful-budgeting-sh:testIamPermissions [none]
[debug] [2023-08-02T19:06:37.705Z] >>> [apiv2][(partial)header] POST https://cloudresourcemanager.googleapis.com/v1/projects/bountiful-budgeting-sh:testIamPermissions x-goog-quota-user=projects/bountiful-budgeting-sh
[debug] [2023-08-02T19:06:37.705Z] >>> [apiv2][body] POST https://cloudresourcemanager.googleapis.com/v1/projects/bountiful-budgeting-sh:testIamPermissions {"permissions":["firebase.projects.get","firebasehosting.sites.update"]}
[debug] [2023-08-02T19:06:37.870Z] <<< [apiv2][status] POST https://cloudresourcemanager.googleapis.com/v1/projects/bountiful-budgeting-sh:testIamPermissions 200
[debug] [2023-08-02T19:06:37.870Z] <<< [apiv2][body] POST https://cloudresourcemanager.googleapis.com/v1/projects/bountiful-budgeting-sh:testIamPermissions {"permissions":["firebase.projects.get","firebasehosting.sites.update"]}
[debug] [2023-08-02T19:06:37.871Z] >>> [apiv2][query] GET https://firebase.googleapis.com/v1beta1/projects/bountiful-budgeting-sh [none]
[debug] [2023-08-02T19:06:38.251Z] <<< [apiv2][status] GET https://firebase.googleapis.com/v1beta1/projects/bountiful-budgeting-sh 200
[debug] [2023-08-02T19:06:38.251Z] <<< [apiv2][body] GET https://firebase.googleapis.com/v1beta1/projects/bountiful-budgeting-sh {"projectId":"bountiful-budgeting-sh","projectNumber":"560253666860","displayName":"bountiful-budgeting-sh","name":"projects/bountiful-budgeting-sh","resources":{"hostingSite":"bountiful-budgeting-sh"},"state":"ACTIVE","etag":"1_941121ae-859d-4347-abc3-2ad601888c8f"}
[info] 
   Thank you for trying our early preview of Next.js support on Firebase Hosting.
   During the preview, support is best-effort and breaking changes can be expected. Proceed with caution.

   Documentation: https://firebase.google.com/docs/hosting/frameworks/nextjs
   File a bug: https://github.com/firebase/firebase-tools/issues/new?template=bug_report.md
   Submit a feature request: https://github.com/firebase/firebase-tools/issues/new?template=feature_request.md

   We'd love to learn from you. Express your interest in helping us shape the future of Firebase Hosting: https://goo.gle/41enW5X

[info] - info Creating an optimized production build...

[info] - info Compiled successfully

[info] - info Linting and checking validity of types...

[info] - info Collecting page data...

[info] - info Generating static pages (0/7)

[info] - info Generating static pages (1/7)

[info] If you do not provide a visible label, you must specify an aria-label or aria-labelledby attribute for accessibility

[info] If you do not provide a visible label, you must specify an aria-label or aria-labelledby attribute for accessibility

[info] If you do not provide a visible label, you must specify an aria-label or aria-labelledby attribute for accessibility

[info] If you do not provide a visible label, you must specify an aria-label or aria-labelledby attribute for accessibility

[info] - info Generating static pages (3/7)

[info] - info Generating static pages (5/7)

[info] ReferenceError: location is not defined
    at /Users/samuelholmez/c11/final/bountiful-budgeting/.next/server/chunks/320.js:386:66
    at /Users/samuelholmez/c11/final/bountiful-budgeting/.next/server/chunks/320.js:477:21
    at exports.startTransition (/Users/samuelholmez/c11/final/bountiful-budgeting/node_modules/next/dist/compiled/react/cjs/react.production.min.js:27:267)
    at Object.push (/Users/samuelholmez/c11/final/bountiful-budgeting/.next/server/chunks/320.js:475:44)
    at Home (/Users/samuelholmez/c11/final/bountiful-budgeting/.next/server/app/page.js:259:12)
    at Ue (/Users/samuelholmez/c11/final/bountiful-budgeting/node_modules/next/dist/compiled/react-dom/cjs/react-dom-server.edge.production.min.js:113:273)
    at Z (/Users/samuelholmez/c11/final/bountiful-budgeting/node_modules/next/dist/compiled/react-dom/cjs/react-dom-server.edge.production.min.js:120:91)
    at Ue (/Users/samuelholmez/c11/final/bountiful-budgeting/node_modules/next/dist/compiled/react-dom/cjs/react-dom-server.edge.production.min.js:114:9)
    at Ue (/Users/samuelholmez/c11/final/bountiful-budgeting/node_modules/next/dist/compiled/react-dom/cjs/react-dom-server.edge.production.min.js:119:11)
    at Z (/Users/samuelholmez/c11/final/bountiful-budgeting/node_modules/next/dist/compiled/react-dom/cjs/react-dom-server.edge.production.min.js:120:91)

[info] 
Error occurred prerendering page "/". Read more: https://nextjs.org/docs/messages/prerender-error
ReferenceError: location is not defined
    at /Users/samuelholmez/c11/final/bountiful-budgeting/.next/server/chunks/320.js:386:66
    at /Users/samuelholmez/c11/final/bountiful-budgeting/.next/server/chunks/320.js:477:21
    at exports.startTransition (/Users/samuelholmez/c11/final/bountiful-budgeting/node_modules/next/dist/compiled/react/cjs/react.production.min.js:27:267)
    at Object.push (/Users/samuelholmez/c11/final/bountiful-budgeting/.next/server/chunks/320.js:475:44)
    at Home (/Users/samuelholmez/c11/final/bountiful-budgeting/.next/server/app/page.js:259:12)
    at Ue (/Users/samuelholmez/c11/final/bountiful-budgeting/node_modules/next/dist/compiled/react-dom/cjs/react-dom-server.edge.production.min.js:113:273)
    at Z (/Users/samuelholmez/c11/final/bountiful-budgeting/node_modules/next/dist/compiled/react-dom/cjs/react-dom-server.edge.production.min.js:120:91)
    at Ue (/Users/samuelholmez/c11/final/bountiful-budgeting/node_modules/next/dist/compiled/react-dom/cjs/react-dom-server.edge.production.min.js:114:9)
    at Ue (/Users/samuelholmez/c11/final/bountiful-budgeting/node_modules/next/dist/compiled/react-dom/cjs/react-dom-server.edge.production.min.js:119:11)
    at Z (/Users/samuelholmez/c11/final/bountiful-budgeting/node_modules/next/dist/compiled/react-dom/cjs/react-dom-server.edge.production.min.js:120:91)

[info] - info Generating static pages (7/7)

[info] 

[info] > Export encountered errors on following paths:
	/page: /

[debug] [2023-08-02T19:06:46.767Z] Error: ENOENT: no such file or directory, open '/Users/samuelholmez/c11/final/bountiful-budgeting/.next/export-marker.json'
[error] 
[error] Error: An unexpected error has occurred.
